Using pre-set license
Built from '2022.3/staging' branch; Version is '2022.3.16f1 (d2c21f0ef2f1) revision 13812255'; Using compiler version '192829333'; Build Type 'Release'
OS: 'Windows 11  (10.0.26016) 64bit Core' Language: 'pt' Physical Memory: 8033 MB
BatchMode: 1, IsHumanControllingUs: 0, StartBugReporterOnCrash: 0, Is64bit: 1, IsPro: 1

COMMAND LINE ARGUMENTS:
C:\Program Files\Unity\Hub\Editor\2022.3.16f1\Editor\Unity.exe
-adb2
-batchMode
-noUpm
-name
AssetImportWorker2
-projectPath
C:/Users/selfd/TMM88 ULTIMATE SFX
-logFile
Logs/AssetImportWorker2.log
-srvPort
49416
Successfully changed project path to: C:/Users/selfd/TMM88 ULTIMATE SFX
C:/Users/selfd/TMM88 ULTIMATE SFX
[UnityMemory] Configuration Parameters - Can be set up in boot.config
    "memorysetup-bucket-allocator-granularity=16"
    "memorysetup-bucket-allocator-bucket-count=8"
    "memorysetup-bucket-allocator-block-size=33554432"
    "memorysetup-bucket-allocator-block-count=8"
    "memorysetup-main-allocator-block-size=16777216"
    "memorysetup-thread-allocator-block-size=16777216"
    "memorysetup-gfx-main-allocator-block-size=16777216"
    "memorysetup-gfx-thread-allocator-block-size=16777216"
    "memorysetup-cache-allocator-block-size=4194304"
    "memorysetup-typetree-allocator-block-size=2097152"
    "memorysetup-profiler-bucket-allocator-granularity=16"
    "memorysetup-profiler-bucket-allocator-bucket-count=8"
    "memorysetup-profiler-bucket-allocator-block-size=33554432"
    "memorysetup-profiler-bucket-allocator-block-count=8"
    "memorysetup-profiler-allocator-block-size=16777216"
    "memorysetup-profiler-editor-allocator-block-size=1048576"
    "memorysetup-temp-allocator-size-main=16777216"
    "memorysetup-job-temp-allocator-block-size=2097152"
    "memorysetup-job-temp-allocator-block-size-background=1048576"
    "memorysetup-job-temp-allocator-reduction-small-platforms=262144"
    "memorysetup-allocator-temp-initial-block-size-main=262144"
    "memorysetup-allocator-temp-initial-block-size-worker=262144"
    "memorysetup-temp-allocator-size-background-worker=32768"
    "memorysetup-temp-allocator-size-job-worker=262144"
    "memorysetup-temp-allocator-size-preload-manager=33554432"
    "memorysetup-temp-allocator-size-nav-mesh-worker=65536"
    "memorysetup-temp-allocator-size-audio-worker=65536"
    "memorysetup-temp-allocator-size-cloud-worker=32768"
    "memorysetup-temp-allocator-size-gi-baking-worker=262144"
    "memorysetup-temp-allocator-size-gfx=262144"
Player connection [11904] Host "[IP] 192.168.1.72 [Port] 0 [Flags] 2 [Guid] 448471967 [EditorId] 448471967 [Version] 1048832 [Id] WindowsEditor(7,tmm88) [Debug] 1 [PackageName] WindowsEditor [ProjectName] Editor" joined multi-casting on [225.0.0.222:54997]...

Player connection [11904] Host "[IP] 192.168.1.72 [Port] 0 [Flags] 2 [Guid] 448471967 [EditorId] 448471967 [Version] 1048832 [Id] WindowsEditor(7,tmm88) [Debug] 1 [PackageName] WindowsEditor [ProjectName] Editor" joined alternative multi-casting on [225.0.0.222:34997]...

[Physics::Module] Initialized MultithreadedJobDispatcher with 11 workers.
Refreshing native plugins compatible for Editor in 23.73 ms, found 3 plugins.
Preloading 0 native plugins for Editor in 0.00 ms.
Initialize engine version: 2022.3.16f1 (d2c21f0ef2f1)
[Subsystems] Discovering subsystems at path C:/Program Files/Unity/Hub/Editor/2022.3.16f1/Editor/Data/Resources/UnitySubsystems
[Subsystems] Discovering subsystems at path C:/Users/selfd/TMM88 ULTIMATE SFX/Assets
GfxDevice: creating device client; threaded=0; jobified=0
Direct3D:
    Version:  Direct3D 11.0 [level 11.1]
    Renderer: NVIDIA GeForce GTX 1050 Ti (ID=0x1c8c)
    Vendor:   NVIDIA
    VRAM:     4017 MB
    Driver:   31.0.15.4633
Initialize mono
Mono path[0] = 'C:/Program Files/Unity/Hub/Editor/2022.3.16f1/Editor/Data/Managed'
Mono path[1] = 'C:/Program Files/Unity/Hub/Editor/2022.3.16f1/Editor/Data/MonoBleedingEdge/lib/mono/unityjit-win32'
Mono config path = 'C:/Program Files/Unity/Hub/Editor/2022.3.16f1/Editor/Data/MonoBleedingEdge/etc'
Using monoOptions --debugger-agent=transport=dt_socket,embedding=1,server=y,suspend=n,address=127.0.0.1:56032
Begin MonoManager ReloadAssembly
Registering precompiled unity dll's ...
Register platform support module: C:/Program Files/Unity/Hub/Editor/2022.3.16f1/Editor/Data/PlaybackEngines/WebGLSupport/UnityEditor.WebGL.Extensions.dll
Register platform support module: C:/Program Files/Unity/Hub/Editor/2022.3.16f1/Editor/Data/PlaybackEngines/WindowsStandaloneSupport/UnityEditor.WindowsStandalone.Extensions.dll
Registered in 0.016165 seconds.
- Loaded All Assemblies, in  0.885 seconds
Native extension for WindowsStandalone target not found
Native extension for WebGL target not found
Mono: successfully reloaded assembly
- Finished resetting the current domain, in  0.539 seconds
Domain Reload Profiling: 1422ms
	BeginReloadAssembly (336ms)
		ExecutionOrderSort (0ms)
		DisableScriptedObjects (0ms)
		BackupInstance (0ms)
		ReleaseScriptingObjects (0ms)
		CreateAndSetChildDomain (1ms)
	RebuildCommonClasses (66ms)
	RebuildNativeTypeToScriptingClass (18ms)
	initialDomainReloadingComplete (126ms)
	LoadAllAssembliesAndSetupDomain (336ms)
		LoadAssemblies (336ms)
		RebuildTransferFunctionScriptingTraits (0ms)
		AnalyzeDomain (330ms)
			TypeCache.Refresh (327ms)
				TypeCache.ScanAssembly (292ms)
			ScanForSourceGeneratedMonoScriptInfo (1ms)
			ResolveRequiredComponents (1ms)
	FinalizeReload (540ms)
		ReleaseScriptCaches (0ms)
		RebuildScriptCaches (0ms)
		SetupLoadedEditorAssemblies (422ms)
			LogAssemblyErrors (0ms)
			InitializePlatformSupportModulesInManaged (20ms)
			SetLoadedEditorAssemblies (10ms)
			RefreshPlugins (0ms)
			BeforeProcessingInitializeOnLoad (4ms)
			ProcessInitializeOnLoadAttributes (289ms)
			ProcessInitializeOnLoadMethodAttributes (99ms)
			AfterProcessingInitializeOnLoad (0ms)
			EditorAssembliesLoaded (0ms)
		ExecutionOrderSort2 (0ms)
		AwakeInstancesAfterBackupRestoration (0ms)
========================================================================
Worker process is ready to serve import requests
Begin MonoManager ReloadAssembly
- Loaded All Assemblies, in  1.659 seconds
Refreshing native plugins compatible for Editor in 13.93 ms, found 3 plugins.
Native extension for WindowsStandalone target not found
Native extension for WebGL target not found
Package Manager log level set to [2]
[Package Manager] Server::EnsureServerProcessIsRunning -- launch failed, reason: Unity was launched with the -noUpm command-line argument
[Package Manager] UpmClient::Send -- Unable to send message (not connected to UPM process).
[Package Manager] Cannot connect to Unity Package Manager local server
Mono: successfully reloaded assembly
- Finished resetting the current domain, in  1.225 seconds
Domain Reload Profiling: 2882ms
	BeginReloadAssembly (408ms)
		ExecutionOrderSort (0ms)
		DisableScriptedObjects (9ms)
		BackupInstance (0ms)
		ReleaseScriptingObjects (0ms)
		CreateAndSetChildDomain (42ms)
	RebuildCommonClasses (68ms)
	RebuildNativeTypeToScriptingClass (19ms)
	initialDomainReloadingComplete (80ms)
	LoadAllAssembliesAndSetupDomain (1081ms)
		LoadAssemblies (988ms)
		RebuildTransferFunctionScriptingTraits (0ms)
		AnalyzeDomain (375ms)
			TypeCache.Refresh (331ms)
				TypeCache.ScanAssembly (296ms)
			ScanForSourceGeneratedMonoScriptInfo (33ms)
			ResolveRequiredComponents (9ms)
	FinalizeReload (1226ms)
		ReleaseScriptCaches (0ms)
		RebuildScriptCaches (0ms)
		SetupLoadedEditorAssemblies (866ms)
			LogAssemblyErrors (0ms)
			InitializePlatformSupportModulesInManaged (13ms)
			SetLoadedEditorAssemblies (9ms)
			RefreshPlugins (0ms)
			BeforeProcessingInitializeOnLoad (102ms)
			ProcessInitializeOnLoadAttributes (696ms)
			ProcessInitializeOnLoadMethodAttributes (36ms)
			AfterProcessingInitializeOnLoad (10ms)
			EditorAssembliesLoaded (0ms)
		ExecutionOrderSort2 (0ms)
		AwakeInstancesAfterBackupRestoration (14ms)
Launched and connected shader compiler UnityShaderCompiler.exe after 0.16 seconds
Refreshing native plugins compatible for Editor in 21.36 ms, found 3 plugins.
Preloading 0 native plugins for Editor in 0.00 ms.
Unloading 3083 Unused Serialized files (Serialized files now loaded: 0)
Unloading 32 unused Assets / (56.9 KB). Loaded Objects now: 3544.
Memory consumption went from 122.4 MB to 122.3 MB.
Total: 5.792800 ms (FindLiveObjects: 0.630900 ms CreateObjectMapping: 0.285900 ms MarkObjects: 4.637300 ms  DeleteObjects: 0.234300 ms)

AssetImportParameters requested are different than current active one (requested -> active):
  custom:container-demuxer-ogg: 62fdf1f143b41e24485cea50d1cbac27 -> 
  custom:video-codec-MediaFoundation-h265: 746d11721c4dcdbdad8f713fa42b33f4 -> 
  custom:video-decoder-ogg-theora: a1e56fd34408186e4bbccfd4996cb3dc -> 
  custom:framework-win-MediaFoundation: 216162199b28c13a410421893ffa2e32 -> 
  custom:CustomObjectIndexerAttribute: 43b350a4d6e6d1791af0b5038c4bea17 -> 
  custom:container-demuxer-webm: 4f35f7cbe854078d1ac9338744f61a02 -> 
  custom:container-muxer-webm: aa71ff27fc2769a1b78a27578f13a17b -> 
  custom:video-decoder-webm-vp8: 9c59270c3fd7afecdb556c50c9e8de78 -> 
  custom:SearchIndexIgnoredProperties: e643bd26f0fe6173181afceb89e7c659 -> 
  custom:AudioImporter_EditorPlatform: d09bf68614088b80899f8185d706f6e7 -> 
  custom:video-encoder-webm-vp8: eb34c28f22e8b96e1ab97ce403110664 -> 
  custom:audio-decoder-ogg-vorbis: bf7c407c2cedff20999df2af8eb42d56 -> 
  custom:audio-encoder-webm-vorbis: bf7c407c2cedff20999df2af8eb42d56 -> 
========================================================================
Received Import Request.
  Time since last request: 12884.913103 seconds.
  path: Assets/Audio/SFX/6.wav
  artifactKey: Guid(02d44e281278ee84890adb5b4bff69a6) Importer(815301076,1909f56bfc062723c751e8b465ee728b)
Start importing Assets/Audio/SFX/6.wav using Guid(02d44e281278ee84890adb5b4bff69a6) Importer(815301076,1909f56bfc062723c751e8b465ee728b)  -> (artifact id: '0fdd9e0496044836d6b2909cefb92c02') in 0.213604 seconds
Number of updated asset objects reloaded before import = 0
Number of asset objects unloaded after import = 2
========================================================================
Received Import Request.
  Time since last request: 0.000045 seconds.
  path: Assets/Audio/SFX/5.wav
  artifactKey: Guid(815ed4bc68368dc48b58fe63ac5a506a) Importer(815301076,1909f56bfc062723c751e8b465ee728b)
Start importing Assets/Audio/SFX/5.wav using Guid(815ed4bc68368dc48b58fe63ac5a506a) Importer(815301076,1909f56bfc062723c751e8b465ee728b)  -> (artifact id: '576a77990c9ab68aeb08edf76317b36a') in 0.027400 seconds
Number of updated asset objects reloaded before import = 0
Number of asset objects unloaded after import = 2
========================================================================
Received Import Request.
  Time since last request: 8.905546 seconds.
  path: Assets/Audio/SFX_IMPULSES
  artifactKey: Guid(d437679ac411b5f4eadb687b7597c9f2) Importer(815301076,1909f56bfc062723c751e8b465ee728b)
Start importing Assets/Audio/SFX_IMPULSES using Guid(d437679ac411b5f4eadb687b7597c9f2) Importer(815301076,1909f56bfc062723c751e8b465ee728b)  -> (artifact id: 'c75e53b5d318c9fac81587efce34f5ef') in 0.001916 seconds
Number of updated asset objects reloaded before import = 0
Number of asset objects unloaded after import = 0
========================================================================
Received Import Request.
  Time since last request: 11.702700 seconds.
  path: Assets/Audio/SFX_IMPULSES/SFX_IMPULSES_1.wav
  artifactKey: Guid(593aff3784aa6b04687cb697d9d595f5) Importer(815301076,1909f56bfc062723c751e8b465ee728b)
Start importing Assets/Audio/SFX_IMPULSES/SFX_IMPULSES_1.wav using Guid(593aff3784aa6b04687cb697d9d595f5) Importer(815301076,1909f56bfc062723c751e8b465ee728b)  -> (artifact id: '2454d16fb9e62ecbfa158c7bc99a1f24') in 0.010176 seconds
Number of updated asset objects reloaded before import = 0
Number of asset objects unloaded after import = 2
========================================================================
Received Import Request.
  Time since last request: 6.474822 seconds.
  path: Assets/Audio/SFX_IMPULSES/SFX_IMPULSES_7.wav
  artifactKey: Guid(d8f995e4baf186241a27ed35427215a1) Importer(815301076,1909f56bfc062723c751e8b465ee728b)
Start importing Assets/Audio/SFX_IMPULSES/SFX_IMPULSES_7.wav using Guid(d8f995e4baf186241a27ed35427215a1) Importer(815301076,1909f56bfc062723c751e8b465ee728b)  -> (artifact id: '157e1ce604d0e4ee282248b2d2e2179f') in 0.009917 seconds
Number of updated asset objects reloaded before import = 0
Number of asset objects unloaded after import = 2
========================================================================
Received Import Request.
  Time since last request: 2.448878 seconds.
  path: Assets/Audio/SFX_IMPULSES/SFX_IMPULSES_6.wav
  artifactKey: Guid(02d44e281278ee84890adb5b4bff69a6) Importer(815301076,1909f56bfc062723c751e8b465ee728b)
Start importing Assets/Audio/SFX_IMPULSES/SFX_IMPULSES_6.wav using Guid(02d44e281278ee84890adb5b4bff69a6) Importer(815301076,1909f56bfc062723c751e8b465ee728b)  -> (artifact id: 'dab7fbb1751abaedcfce45acde3697ea') in 0.008444 seconds
Number of updated asset objects reloaded before import = 0
Number of asset objects unloaded after import = 2
========================================================================
Received Import Request.
  Time since last request: 2.236678 seconds.
  path: Assets/Audio/SFX_IMPULSES/SFX_IMPULSES_5.wav
  artifactKey: Guid(815ed4bc68368dc48b58fe63ac5a506a) Importer(815301076,1909f56bfc062723c751e8b465ee728b)
Start importing Assets/Audio/SFX_IMPULSES/SFX_IMPULSES_5.wav using Guid(815ed4bc68368dc48b58fe63ac5a506a) Importer(815301076,1909f56bfc062723c751e8b465ee728b)  -> (artifact id: 'e1d99bb926c9f07e2c0e670ba2b1db9f') in 0.009753 seconds
Number of updated asset objects reloaded before import = 0
Number of asset objects unloaded after import = 2
========================================================================
Received Import Request.
  Time since last request: 1.966487 seconds.
  path: Assets/Audio/SFX_IMPULSES/SFX_IMPULSES_4.wav
  artifactKey: Guid(75716f7a036a5dd48af4467467c8f4f8) Importer(815301076,1909f56bfc062723c751e8b465ee728b)
Start importing Assets/Audio/SFX_IMPULSES/SFX_IMPULSES_4.wav using Guid(75716f7a036a5dd48af4467467c8f4f8) Importer(815301076,1909f56bfc062723c751e8b465ee728b)  -> (artifact id: '25b5ded934af70f9e9b1b3e3ba5a011b') in 0.009251 seconds
Number of updated asset objects reloaded before import = 0
Number of asset objects unloaded after import = 2
========================================================================
Received Import Request.
  Time since last request: 5.847476 seconds.
  path: Assets/Audio/SFX_IMPULSES/SFX_IMPULSES_3.wav
  artifactKey: Guid(6590a5a47af65b6429f462e21c8e63fb) Importer(815301076,1909f56bfc062723c751e8b465ee728b)
Start importing Assets/Audio/SFX_IMPULSES/SFX_IMPULSES_3.wav using Guid(6590a5a47af65b6429f462e21c8e63fb) Importer(815301076,1909f56bfc062723c751e8b465ee728b)  -> (artifact id: 'aa6b41c7743187d02e884058ba3857a9') in 0.008158 seconds
Number of updated asset objects reloaded before import = 0
Number of asset objects unloaded after import = 2
========================================================================
Received Import Request.
  Time since last request: 2.323701 seconds.
  path: Assets/Audio/SFX_IMPULSES/SFX_IMPULSES_2.wav
  artifactKey: Guid(4a182cb6a0bddf143b1a4b7c2c2b4ed1) Importer(815301076,1909f56bfc062723c751e8b465ee728b)
Start importing Assets/Audio/SFX_IMPULSES/SFX_IMPULSES_2.wav using Guid(4a182cb6a0bddf143b1a4b7c2c2b4ed1) Importer(815301076,1909f56bfc062723c751e8b465ee728b)  -> (artifact id: '5ab32445cb16f46ff2d57ec338fce85c') in 0.009748 seconds
Number of updated asset objects reloaded before import = 0
Number of asset objects unloaded after import = 2
========================================================================
Received Import Request.
  Time since last request: 11.595632 seconds.
  path: Assets/Scenes/SFX_DEMO_#15.unity
  artifactKey: Guid(5a1a27e6abc468841a31b6e0b9de875b) Importer(815301076,1909f56bfc062723c751e8b465ee728b)
Start importing Assets/Scenes/SFX_DEMO_#15.unity using Guid(5a1a27e6abc468841a31b6e0b9de875b) Importer(815301076,1909f56bfc062723c751e8b465ee728b)  -> (artifact id: 'f4c8d426e2057d4918aca424be0086e0') in 0.004200 seconds
Number of updated asset objects reloaded before import = 0
Number of asset objects unloaded after import = 0
========================================================================
Received Import Request.
  Time since last request: 4.950646 seconds.
  path: Assets/Scenes/SFX_DEMO_#15 1.unity
  artifactKey: Guid(7a08a63e7dd530b4db4243b8251434f7) Importer(815301076,1909f56bfc062723c751e8b465ee728b)
Start importing Assets/Scenes/SFX_DEMO_#15 1.unity using Guid(7a08a63e7dd530b4db4243b8251434f7) Importer(815301076,1909f56bfc062723c751e8b465ee728b)  -> (artifact id: '650dc2b627d3276029aecce1c71d1f6f') in 0.001175 seconds
Number of updated asset objects reloaded before import = 0
Number of asset objects unloaded after import = 0
========================================================================
Received Import Request.
  Time since last request: 4.026497 seconds.
  path: Assets/Scenes/SFX_DEMO_#16.unity
  artifactKey: Guid(7a08a63e7dd530b4db4243b8251434f7) Importer(815301076,1909f56bfc062723c751e8b465ee728b)
Start importing Assets/Scenes/SFX_DEMO_#16.unity using Guid(7a08a63e7dd530b4db4243b8251434f7) Importer(815301076,1909f56bfc062723c751e8b465ee728b)  -> (artifact id: 'e21aea6a4a8069b61404b8ae8296d1a0') in 0.000535 seconds
Number of updated asset objects reloaded before import = 0
Number of asset objects unloaded after import = 0
========================================================================
Received Import Request.
  Time since last request: 1.411579 seconds.
  path: Assets/Scenes/SFX_DEMO_#16 1.unity
  artifactKey: Guid(daf3fac6c64c18242aeea2d1053eccfc) Importer(815301076,1909f56bfc062723c751e8b465ee728b)
Start importing Assets/Scenes/SFX_DEMO_#16 1.unity using Guid(daf3fac6c64c18242aeea2d1053eccfc) Importer(815301076,1909f56bfc062723c751e8b465ee728b)  -> (artifact id: '058848ca26601dc22da038d6e750f5ac') in 0.001050 seconds
Number of updated asset objects reloaded before import = 0
Number of asset objects unloaded after import = 0
========================================================================
Received Import Request.
  Time since last request: 3.772074 seconds.
  path: Assets/Scenes/SFX_DEMO_#17.unity
  artifactKey: Guid(daf3fac6c64c18242aeea2d1053eccfc) Importer(815301076,1909f56bfc062723c751e8b465ee728b)
Start importing Assets/Scenes/SFX_DEMO_#17.unity using Guid(daf3fac6c64c18242aeea2d1053eccfc) Importer(815301076,1909f56bfc062723c751e8b465ee728b)  -> (artifact id: '4b302e96c78a41074f970abc57579bed') in 0.000682 seconds
Number of updated asset objects reloaded before import = 0
Number of asset objects unloaded after import = 0
========================================================================
Received Import Request.
  Time since last request: 42.613419 seconds.
  path: Assets/Audio/SFX_NOISY_IMPULSES/SFX_NOISY_IMPULSES_1.wav
  artifactKey: Guid(593aff3784aa6b04687cb697d9d595f5) Importer(815301076,1909f56bfc062723c751e8b465ee728b)
Start importing Assets/Audio/SFX_NOISY_IMPULSES/SFX_NOISY_IMPULSES_1.wav using Guid(593aff3784aa6b04687cb697d9d595f5) Importer(815301076,1909f56bfc062723c751e8b465ee728b)  -> (artifact id: 'f372f5c0ea006bd565baf6cfef391ff7') in 0.008749 seconds
Number of updated asset objects reloaded before import = 0
Number of asset objects unloaded after import = 2
========================================================================
Received Import Request.
  Time since last request: 3.406081 seconds.
  path: Assets/Audio/SFX_NOISY_IMPULSES/SFX_NOISY_IMPULSES_7.wav
  artifactKey: Guid(d8f995e4baf186241a27ed35427215a1) Importer(815301076,1909f56bfc062723c751e8b465ee728b)
Start importing Assets/Audio/SFX_NOISY_IMPULSES/SFX_NOISY_IMPULSES_7.wav using Guid(d8f995e4baf186241a27ed35427215a1) Importer(815301076,1909f56bfc062723c751e8b465ee728b)  -> (artifact id: 'be62ad17874e5f48738539406d88d40f') in 0.008726 seconds
Number of updated asset objects reloaded before import = 0
Number of asset objects unloaded after import = 2
========================================================================
Received Import Request.
  Time since last request: 2.911512 seconds.
  path: Assets/Audio/SFX_NOISY_IMPULSES/SFX_NOISY_IMPULSES_6.wav
  artifactKey: Guid(02d44e281278ee84890adb5b4bff69a6) Importer(815301076,1909f56bfc062723c751e8b465ee728b)
Start importing Assets/Audio/SFX_NOISY_IMPULSES/SFX_NOISY_IMPULSES_6.wav using Guid(02d44e281278ee84890adb5b4bff69a6) Importer(815301076,1909f56bfc062723c751e8b465ee728b)  -> (artifact id: '645afd2e3996407f9d7e412e6d6a655d') in 0.008322 seconds
Number of updated asset objects reloaded before import = 0
Number of asset objects unloaded after import = 2
========================================================================
Received Import Request.
  Time since last request: 3.984473 seconds.
  path: Assets/Audio/SFX_NOISY_IMPULSES/SFX_NOISY_IMPULSES_5.wav
  artifactKey: Guid(815ed4bc68368dc48b58fe63ac5a506a) Importer(815301076,1909f56bfc062723c751e8b465ee728b)
Start importing Assets/Audio/SFX_NOISY_IMPULSES/SFX_NOISY_IMPULSES_5.wav using Guid(815ed4bc68368dc48b58fe63ac5a506a) Importer(815301076,1909f56bfc062723c751e8b465ee728b)  -> (artifact id: '6691e03628c6134801519134f9ca7e27') in 0.008774 seconds
Number of updated asset objects reloaded before import = 0
Number of asset objects unloaded after import = 2
========================================================================
Received Import Request.
  Time since last request: 4.562199 seconds.
  path: Assets/Audio/SFX_NOISY_IMPULSES/SFX_IMPULSES_SFX_NOISY_IMPULSES_4.wav
  artifactKey: Guid(75716f7a036a5dd48af4467467c8f4f8) Importer(815301076,1909f56bfc062723c751e8b465ee728b)
Start importing Assets/Audio/SFX_NOISY_IMPULSES/SFX_IMPULSES_SFX_NOISY_IMPULSES_4.wav using Guid(75716f7a036a5dd48af4467467c8f4f8) Importer(815301076,1909f56bfc062723c751e8b465ee728b)  -> (artifact id: '5955a8c735d2197daf9fe66096cef2f4') in 0.011807 seconds
Number of updated asset objects reloaded before import = 0
Number of asset objects unloaded after import = 2
========================================================================
Received Import Request.
  Time since last request: 9.796263 seconds.
  path: Assets/Audio/SFX_NOISY_IMPULSES/SFX_NOISY_IMPULSES_4.wav
  artifactKey: Guid(75716f7a036a5dd48af4467467c8f4f8) Importer(815301076,1909f56bfc062723c751e8b465ee728b)
Start importing Assets/Audio/SFX_NOISY_IMPULSES/SFX_NOISY_IMPULSES_4.wav using Guid(75716f7a036a5dd48af4467467c8f4f8) Importer(815301076,1909f56bfc062723c751e8b465ee728b)  -> (artifact id: '0356935142fad117a4ba7f3435c7c361') in 0.010476 seconds
Number of updated asset objects reloaded before import = 0
Number of asset objects unloaded after import = 2
========================================================================
Received Import Request.
  Time since last request: 3.592231 seconds.
  path: Assets/Audio/SFX_NOISY_IMPULSES/SFX_NOISY_IMPULSES_3.wav
  artifactKey: Guid(6590a5a47af65b6429f462e21c8e63fb) Importer(815301076,1909f56bfc062723c751e8b465ee728b)
Start importing Assets/Audio/SFX_NOISY_IMPULSES/SFX_NOISY_IMPULSES_3.wav using Guid(6590a5a47af65b6429f462e21c8e63fb) Importer(815301076,1909f56bfc062723c751e8b465ee728b)  -> (artifact id: '85af158e10454b29b92be21a04d44a30') in 0.008362 seconds
Number of updated asset objects reloaded before import = 0
Number of asset objects unloaded after import = 2
========================================================================
Received Import Request.
  Time since last request: 3.211091 seconds.
  path: Assets/Audio/SFX_NOISY_IMPULSES/SFX_NOISY_IMPULSES_2.wav
  artifactKey: Guid(4a182cb6a0bddf143b1a4b7c2c2b4ed1) Importer(815301076,1909f56bfc062723c751e8b465ee728b)
Start importing Assets/Audio/SFX_NOISY_IMPULSES/SFX_NOISY_IMPULSES_2.wav using Guid(4a182cb6a0bddf143b1a4b7c2c2b4ed1) Importer(815301076,1909f56bfc062723c751e8b465ee728b)  -> (artifact id: '19b790c7da308de0cf7f93831a99cc47') in 0.008683 seconds
Number of updated asset objects reloaded before import = 0
Number of asset objects unloaded after import = 2
========================================================================
Received Import Request.
  Time since last request: 72.925567 seconds.
  path: Assets/Scenes/SFX_DEMO_#16.unity
  artifactKey: Guid(7a08a63e7dd530b4db4243b8251434f7) Importer(815301076,1909f56bfc062723c751e8b465ee728b)
Start importing Assets/Scenes/SFX_DEMO_#16.unity using Guid(7a08a63e7dd530b4db4243b8251434f7) Importer(815301076,1909f56bfc062723c751e8b465ee728b)  -> (artifact id: '42cf0754cf3c128150e0f7b4ed0c3b99') in 0.000781 seconds
Number of updated asset objects reloaded before import = 0
Number of asset objects unloaded after import = 0
========================================================================
Received Prepare
Begin MonoManager ReloadAssembly
- Loaded All Assemblies, in  0.659 seconds
Refreshing native plugins compatible for Editor in 5.92 ms, found 3 plugins.
Native extension for WindowsStandalone target not found
Native extension for WebGL target not found
[Package Manager] Server::EnsureServerProcessIsRunning -- launch failed, reason: Unity was launched with the -noUpm command-line argument
[Package Manager] UpmClient::Send -- Unable to send message (not connected to UPM process).
[Package Manager] Cannot connect to Unity Package Manager local server
Mono: successfully reloaded assembly
- Finished resetting the current domain, in  3.437 seconds
Domain Reload Profiling: 4094ms
	BeginReloadAssembly (204ms)
		ExecutionOrderSort (0ms)
		DisableScriptedObjects (8ms)
		BackupInstance (0ms)
		ReleaseScriptingObjects (0ms)
		CreateAndSetChildDomain (55ms)
	RebuildCommonClasses (40ms)
	RebuildNativeTypeToScriptingClass (13ms)
	initialDomainReloadingComplete (35ms)
	LoadAllAssembliesAndSetupDomain (363ms)
		LoadAssemblies (446ms)
		RebuildTransferFunctionScriptingTraits (0ms)
		AnalyzeDomain (16ms)
			TypeCache.Refresh (8ms)
				TypeCache.ScanAssembly (0ms)
			ScanForSourceGeneratedMonoScriptInfo (0ms)
			ResolveRequiredComponents (5ms)
	FinalizeReload (3438ms)
		ReleaseScriptCaches (0ms)
		RebuildScriptCaches (0ms)
		SetupLoadedEditorAssemblies (754ms)
			LogAssemblyErrors (0ms)
			InitializePlatformSupportModulesInManaged (13ms)
			SetLoadedEditorAssemblies (11ms)
			RefreshPlugins (0ms)
			BeforeProcessingInitializeOnLoad (115ms)
			ProcessInitializeOnLoadAttributes (564ms)
			ProcessInitializeOnLoadMethodAttributes (39ms)
			AfterProcessingInitializeOnLoad (10ms)
			EditorAssembliesLoaded (0ms)
		ExecutionOrderSort2 (0ms)
		AwakeInstancesAfterBackupRestoration (16ms)
Refreshing native plugins compatible for Editor in 6.37 ms, found 3 plugins.
Preloading 0 native plugins for Editor in 0.00 ms.
Unloading 3075 Unused Serialized files (Serialized files now loaded: 0)
Unloading 23 unused Assets / (31.1 KB). Loaded Objects now: 3557.
Memory consumption went from 127.6 MB to 127.6 MB.
Total: 7.343100 ms (FindLiveObjects: 0.518400 ms CreateObjectMapping: 0.562000 ms MarkObjects: 6.152900 ms  DeleteObjects: 0.108200 ms)

Prepare: number of updated asset objects reloaded= 0
AssetImportParameters requested are different than current active one (requested -> active):
  custom:container-demuxer-ogg: 62fdf1f143b41e24485cea50d1cbac27 -> 
  custom:video-codec-MediaFoundation-h265: 746d11721c4dcdbdad8f713fa42b33f4 -> 
  custom:video-decoder-ogg-theora: a1e56fd34408186e4bbccfd4996cb3dc -> 
  custom:framework-win-MediaFoundation: 216162199b28c13a410421893ffa2e32 -> 
  custom:CustomObjectIndexerAttribute: 43b350a4d6e6d1791af0b5038c4bea17 -> 
  custom:container-demuxer-webm: 4f35f7cbe854078d1ac9338744f61a02 -> 
  custom:container-muxer-webm: aa71ff27fc2769a1b78a27578f13a17b -> 
  custom:video-decoder-webm-vp8: 9c59270c3fd7afecdb556c50c9e8de78 -> 
  custom:SearchIndexIgnoredProperties: e643bd26f0fe6173181afceb89e7c659 -> 
  custom:AudioImporter_EditorPlatform: d09bf68614088b80899f8185d706f6e7 -> 
  custom:video-encoder-webm-vp8: eb34c28f22e8b96e1ab97ce403110664 -> 
  custom:audio-decoder-ogg-vorbis: bf7c407c2cedff20999df2af8eb42d56 -> 
  custom:audio-encoder-webm-vorbis: bf7c407c2cedff20999df2af8eb42d56 -> 
========================================================================
Received Prepare
Begin MonoManager ReloadAssembly
- Loaded All Assemblies, in  0.567 seconds
Refreshing native plugins compatible for Editor in 6.59 ms, found 3 plugins.
Native extension for WindowsStandalone target not found
Native extension for WebGL target not found
[Package Manager] Server::EnsureServerProcessIsRunning -- launch failed, reason: Unity was launched with the -noUpm command-line argument
[Package Manager] UpmClient::Send -- Unable to send message (not connected to UPM process).
[Package Manager] Cannot connect to Unity Package Manager local server
Mono: successfully reloaded assembly
- Finished resetting the current domain, in  1.833 seconds
Domain Reload Profiling: 2398ms
	BeginReloadAssembly (176ms)
		ExecutionOrderSort (0ms)
		DisableScriptedObjects (6ms)
		BackupInstance (0ms)
		ReleaseScriptingObjects (0ms)
		CreateAndSetChildDomain (38ms)
	RebuildCommonClasses (41ms)
	RebuildNativeTypeToScriptingClass (13ms)
	initialDomainReloadingComplete (36ms)
	LoadAllAssembliesAndSetupDomain (298ms)
		LoadAssemblies (365ms)
		RebuildTransferFunctionScriptingTraits (0ms)
		AnalyzeDomain (29ms)
			TypeCache.Refresh (16ms)
				TypeCache.ScanAssembly (0ms)
			ScanForSourceGeneratedMonoScriptInfo (0ms)
			ResolveRequiredComponents (9ms)
	FinalizeReload (1834ms)
		ReleaseScriptCaches (0ms)
		RebuildScriptCaches (0ms)
		SetupLoadedEditorAssemblies (780ms)
			LogAssemblyErrors (0ms)
			InitializePlatformSupportModulesInManaged (16ms)
			SetLoadedEditorAssemblies (9ms)
			RefreshPlugins (0ms)
			BeforeProcessingInitializeOnLoad (121ms)
			ProcessInitializeOnLoadAttributes (581ms)
			ProcessInitializeOnLoadMethodAttributes (39ms)
			AfterProcessingInitializeOnLoad (13ms)
			EditorAssembliesLoaded (0ms)
		ExecutionOrderSort2 (0ms)
		AwakeInstancesAfterBackupRestoration (17ms)
Refreshing native plugins compatible for Editor in 6.73 ms, found 3 plugins.
Preloading 0 native plugins for Editor in 0.00 ms.
Unloading 3076 Unused Serialized files (Serialized files now loaded: 0)
Unloading 23 unused Assets / (31.1 KB). Loaded Objects now: 3560.
Memory consumption went from 129.8 MB to 129.8 MB.
Total: 7.111100 ms (FindLiveObjects: 0.451200 ms CreateObjectMapping: 0.510500 ms MarkObjects: 5.854400 ms  DeleteObjects: 0.293100 ms)

Prepare: number of updated asset objects reloaded= 0
AssetImportParameters requested are different than current active one (requested -> active):
  custom:container-demuxer-ogg: 62fdf1f143b41e24485cea50d1cbac27 -> 
  custom:video-codec-MediaFoundation-h265: 746d11721c4dcdbdad8f713fa42b33f4 -> 
  custom:video-decoder-ogg-theora: a1e56fd34408186e4bbccfd4996cb3dc -> 
  custom:framework-win-MediaFoundation: 216162199b28c13a410421893ffa2e32 -> 
  custom:CustomObjectIndexerAttribute: 43b350a4d6e6d1791af0b5038c4bea17 -> 
  custom:container-demuxer-webm: 4f35f7cbe854078d1ac9338744f61a02 -> 
  custom:container-muxer-webm: aa71ff27fc2769a1b78a27578f13a17b -> 
  custom:video-decoder-webm-vp8: 9c59270c3fd7afecdb556c50c9e8de78 -> 
  custom:SearchIndexIgnoredProperties: e643bd26f0fe6173181afceb89e7c659 -> 
  custom:AudioImporter_EditorPlatform: d09bf68614088b80899f8185d706f6e7 -> 
  custom:video-encoder-webm-vp8: eb34c28f22e8b96e1ab97ce403110664 -> 
  custom:audio-decoder-ogg-vorbis: bf7c407c2cedff20999df2af8eb42d56 -> 
  custom:audio-encoder-webm-vorbis: bf7c407c2cedff20999df2af8eb42d56 -> 
